<?xml version="1.0" encoding="UTF-8"?>
<!-- Generated by org.testng.reporters.JUnitReportReporter -->
<testsuite skipped="0" hostname="Shivam" name="cucumberOptions.TestRunner" tests="1" failures="0" timestamp="10 Aug 2019 19:14:47 GMT" time="39.627" errors="0">
  <testcase name="feature" time="39.627" classname="cucumberOptions.TestRunner"/>
</testsuite> <!-- cucumberOptions.TestRunner -->
