<?xml version="1.0" encoding="UTF-8"?>
<!-- Generated by org.testng.reporters.JUnitReportReporter -->
<testsuite hostname="Shivam" name="cucumberOptions.TestRunner" tests="1" failures="0" timestamp="5 Oct 2019 18:22:58 GMT" time="69.225" errors="0">
  <testcase name="feature" time="69.225" classname="cucumberOptions.TestRunner"/>
</testsuite> <!-- cucumberOptions.TestRunner -->
